Arguments: 
  /usr/local/Cellar/node/12.4.0/bin/node /usr/local/Cellar/yarn/1.17.0/libexec/bin/yarn.js add tailwinds

PATH: 
  /Users/normancrandall/bin:/usr/local/bin:/Users/normancrandall/flutter/flutter/bin:/usr/local/bin:/usr/bin:/bin:/usr/sbin:/sbin:/usr/local/share/dotnet:~/.dotnet/tools:/Library/Apple/usr/bin:/Library/Frameworks/Mono.framework/Versions/Current/Commands:/Applications/Xamarin Workbooks.app/Contents/SharedSupport/path-bin:/Users/normancrandall/bin:/Users/normancrandall/flutter/flutter/bin

Yarn version: 
  1.17.0

Node version: 
  12.4.0

Platform: 
  darwin x64

Trace: 
  Error: https://registry.yarnpkg.com/tailwinds: Not found
      at Request.params.callback [as _callback] (/usr/local/Cellar/yarn/1.17.0/libexec/lib/cli.js:66823:18)
      at Request.self.callback (/usr/local/Cellar/yarn/1.17.0/libexec/lib/cli.js:140439:22)
      at Request.emit (events.js:200:13)
      at Request.<anonymous> (/usr/local/Cellar/yarn/1.17.0/libexec/lib/cli.js:141411:10)
      at Request.emit (events.js:200:13)
      at IncomingMessage.<anonymous> (/usr/local/Cellar/yarn/1.17.0/libexec/lib/cli.js:141333:12)
      at Object.onceWrapper (events.js:288:20)
      at IncomingMessage.emit (events.js:205:15)
      at endReadableNT (_stream_readable.js:1154:12)
      at processTicksAndRejections (internal/process/task_queues.js:84:9)

npm manifest: 
  {
    "name": "begin-app",
    "version": "0.0.0",
    "description": "Begin basic Svelte app + API",
    "scripts": {
      "build": "rollup -c",
      "autobuild": "rollup -c -w",
      "dev": "run-p start autobuild",
      "lint": "eslint src --fix",
      "start": "run-s build sandbox",
      "sandbox": "npx sandbox",
      "start:sandbox": "cross-env NODE_ENV=testing ARC_LOCAL=1 npx sandbox",
      "test": "cross-env NODE_ENV=testing PORT=6666 tape test/*-test.js ./test/**/*-test.js | tap-spec"
    },
    "devDependencies": {
      "@architect/sandbox": "latest",
      "@begin/data": "latest",
      "cross-env": "^7.0.2",
      "eslint": "^7.1.0",
      "eslint-plugin-svelte3": "",
      "npm-run-all": "^4.1.5",
      "rollup": "^2.10.8",
      "rollup-plugin-commonjs": "^10.1.0",
      "rollup-plugin-livereload": "^1.3.0",
      "rollup-plugin-node-resolve": "^5.2.0",
      "rollup-plugin-svelte": "",
      "rollup-plugin-terser": "^6.0.1",
      "svelte": "",
      "tap-spec": "^5.0.0",
      "tape": "^5.0.0",
      "tiny-json-http": "^7.2.0"
    }
  }

yarn manifest: 
  No manifest

Lockfile: 
  No lockfile
